2020-11-16 12:49:36 | [INFO]    | Discordia 2.8.4
2020-11-16 12:49:36 | [INFO]    | Connecting to Discord...
2020-11-16 12:49:36 | [INFO]    | Authenticated as Cyber.11#0846
2020-11-16 12:49:36 | [INFO]    | Launching shard 0 (1 out of 1)...
2020-11-16 12:49:37 | [INFO]    | Shard 0 : Connected to wss://gateway.discord.gg
2020-11-16 12:49:37 | [INFO]    | Shard 0 : Received HELLO
2020-11-16 12:49:37 | [INFO]    | Shard 0 : Received READY
2020-11-16 12:51:41 | [INFO]    | Discordia 2.8.4
2020-11-16 12:51:41 | [INFO]    | Connecting to Discord...
2020-11-16 12:51:42 | [INFO]    | Authenticated as Cyber.11#0846
2020-11-16 12:51:42 | [INFO]    | Launching shard 0 (1 out of 1)...
2020-11-16 12:51:42 | [INFO]    | Shard 0 : Connected to wss://gateway.discord.gg
2020-11-16 12:51:42 | [INFO]    | Shard 0 : Received HELLO
2020-11-16 12:51:42 | [INFO]    | Shard 0 : Received READY
2020-11-16 12:55:34 | [INFO]    | Discordia 2.8.4
2020-11-16 12:55:34 | [INFO]    | Connecting to Discord...
2020-11-16 12:55:35 | [INFO]    | Authenticated as Cyber.11#0846
2020-11-16 12:55:35 | [INFO]    | Launching shard 0 (1 out of 1)...
2020-11-16 12:55:35 | [INFO]    | Shard 0 : Connected to wss://gateway.discord.gg
2020-11-16 12:55:35 | [INFO]    | Shard 0 : Received HELLO
2020-11-16 12:55:35 | [INFO]    | Shard 0 : Received READY
2020-11-16 12:56:35 | [INFO]    | Discordia 2.8.4
2020-11-16 12:56:35 | [INFO]    | Connecting to Discord...
2020-11-16 12:56:35 | [INFO]    | Authenticated as Cyber.11#0846
2020-11-16 12:56:35 | [INFO]    | Launching shard 0 (1 out of 1)...
2020-11-16 12:56:36 | [INFO]    | Shard 0 : Connected to wss://gateway.discord.gg
2020-11-16 12:56:36 | [INFO]    | Shard 0 : Received HELLO
2020-11-16 12:56:36 | [INFO]    | Shard 0 : Received READY
2020-11-16 12:57:49 | [INFO]    | Discordia 2.8.4
2020-11-16 12:57:49 | [INFO]    | Connecting to Discord...
2020-11-16 12:57:49 | [INFO]    | Authenticated as Cyber.11#0846
2020-11-16 12:57:49 | [INFO]    | Launching shard 0 (1 out of 1)...
2020-11-16 12:57:49 | [INFO]    | Shard 0 : Connected to wss://gateway.discord.gg
2020-11-16 12:57:49 | [INFO]    | Shard 0 : Received HELLO
2020-11-16 12:57:49 | [INFO]    | Shard 0 : Received READY
2020-11-16 13:07:15 | [INFO]    | Discordia 2.8.4
2020-11-16 13:07:15 | [INFO]    | Connecting to Discord...
2020-11-16 13:07:15 | [INFO]    | Authenticated as Cyber.11#0846
2020-11-16 13:07:15 | [INFO]    | Launching shard 0 (1 out of 1)...
2020-11-16 13:07:16 | [INFO]    | Shard 0 : Connected to wss://gateway.discord.gg
2020-11-16 13:07:16 | [INFO]    | Shard 0 : Received HELLO
2020-11-16 13:07:16 | [INFO]    | Shard 0 : Received READY
2020-11-16 13:12:41 | [INFO]    | Discordia 2.8.4
2020-11-16 13:12:41 | [INFO]    | Connecting to Discord...
2020-11-16 13:12:41 | [INFO]    | Authenticated as Cyber.11#0846
2020-11-16 13:12:41 | [INFO]    | Launching shard 0 (1 out of 1)...
2020-11-16 13:12:41 | [INFO]    | Shard 0 : Connected to wss://gateway.discord.gg
2020-11-16 13:12:41 | [INFO]    | Shard 0 : Received HELLO
2020-11-16 13:12:42 | [INFO]    | Shard 0 : Received READY
2020-11-16 13:32:00 | [INFO]    | Discordia 2.8.4
2020-11-16 13:32:00 | [INFO]    | Connecting to Discord...
2020-11-16 13:32:01 | [INFO]    | Authenticated as Cyber.11#0846
2020-11-16 13:32:01 | [INFO]    | Launching shard 0 (1 out of 1)...
2020-11-16 13:32:01 | [INFO]    | Shard 0 : Connected to wss://gateway.discord.gg
2020-11-16 13:32:01 | [INFO]    | Shard 0 : Received HELLO
2020-11-16 13:32:01 | [INFO]    | Shard 0 : Received READY
2020-11-16 13:38:17 | [INFO]    | Discordia 2.8.4
2020-11-16 13:38:17 | [INFO]    | Connecting to Discord...
2020-11-16 13:38:18 | [INFO]    | Authenticated as Cyber.11#0846
2020-11-16 13:38:18 | [INFO]    | Launching shard 0 (1 out of 1)...
2020-11-16 13:38:18 | [INFO]    | Shard 0 : Connected to wss://gateway.discord.gg
2020-11-16 13:38:18 | [INFO]    | Shard 0 : Received HELLO
2020-11-16 13:38:18 | [INFO]    | Shard 0 : Received READY
2020-11-16 13:39:41 | [INFO]    | Discordia 2.8.4
2020-11-16 13:39:41 | [INFO]    | Connecting to Discord...
2020-11-16 13:39:42 | [INFO]    | Authenticated as Cyber.11#0846
2020-11-16 13:39:42 | [INFO]    | Launching shard 0 (1 out of 1)...
2020-11-16 13:39:42 | [INFO]    | Shard 0 : Connected to wss://gateway.discord.gg
2020-11-16 13:39:42 | [INFO]    | Shard 0 : Received HELLO
2020-11-16 13:39:42 | [INFO]    | Shard 0 : Received READY
2020-11-16 13:43:08 | [INFO]    | Discordia 2.8.4
2020-11-16 13:43:08 | [INFO]    | Connecting to Discord...
2020-11-16 13:43:08 | [INFO]    | Authenticated as Cyber.11#0846
2020-11-16 13:43:08 | [INFO]    | Launching shard 0 (1 out of 1)...
2020-11-16 13:43:09 | [INFO]    | Shard 0 : Connected to wss://gateway.discord.gg
2020-11-16 13:43:09 | [INFO]    | Shard 0 : Received HELLO
2020-11-16 13:43:09 | [INFO]    | Shard 0 : Received READY
2020-11-16 13:44:41 | [INFO]    | Discordia 2.8.4
2020-11-16 13:44:41 | [INFO]    | Connecting to Discord...
2020-11-16 13:44:41 | [INFO]    | Authenticated as Cyber.11#0846
2020-11-16 13:44:41 | [INFO]    | Launching shard 0 (1 out of 1)...
2020-11-16 13:44:41 | [INFO]    | Shard 0 : Connected to wss://gateway.discord.gg
2020-11-16 13:44:41 | [INFO]    | Shard 0 : Received HELLO
2020-11-16 13:44:42 | [INFO]    | Shard 0 : Received READY
2020-11-16 13:48:42 | [INFO]    | Discordia 2.8.4
2020-11-16 13:48:42 | [INFO]    | Connecting to Discord...
2020-11-16 13:48:42 | [INFO]    | Authenticated as Cyber.11#0846
2020-11-16 13:48:42 | [INFO]    | Launching shard 0 (1 out of 1)...
2020-11-16 13:48:42 | [INFO]    | Shard 0 : Connected to wss://gateway.discord.gg
2020-11-16 13:48:42 | [INFO]    | Shard 0 : Received HELLO
2020-11-16 13:48:42 | [INFO]    | Shard 0 : Received READY
2020-11-16 13:49:45 | [INFO]    | Discordia 2.8.4
2020-11-16 13:49:45 | [INFO]    | Connecting to Discord...
2020-11-16 13:49:45 | [INFO]    | Authenticated as Cyber.11#0846
2020-11-16 13:49:45 | [INFO]    | Launching shard 0 (1 out of 1)...
2020-11-16 13:49:45 | [INFO]    | Shard 0 : Connected to wss://gateway.discord.gg
2020-11-16 13:49:45 | [INFO]    | Shard 0 : Received HELLO
2020-11-16 13:49:46 | [INFO]    | Shard 0 : Received READY
2020-11-16 13:52:24 | [INFO]    | Discordia 2.8.4
2020-11-16 13:52:24 | [INFO]    | Connecting to Discord...
2020-11-16 13:52:24 | [INFO]    | Authenticated as Cyber.11#0846
2020-11-16 13:52:24 | [INFO]    | Launching shard 0 (1 out of 1)...
2020-11-16 13:52:24 | [INFO]    | Shard 0 : Connected to wss://gateway.discord.gg
2020-11-16 13:52:24 | [INFO]    | Shard 0 : Received HELLO
2020-11-16 13:52:24 | [INFO]    | Shard 0 : Received READY
2020-11-16 14:09:18 | [INFO]    | Discordia 2.8.4
2020-11-16 14:09:18 | [INFO]    | Connecting to Discord...
2020-11-16 14:09:18 | [INFO]    | Authenticated as Cyber.11#0846
2020-11-16 14:09:18 | [INFO]    | Launching shard 0 (1 out of 1)...
2020-11-16 14:09:18 | [INFO]    | Shard 0 : Connected to wss://gateway.discord.gg
2020-11-16 14:09:18 | [INFO]    | Shard 0 : Received HELLO
2020-11-16 14:09:18 | [INFO]    | Shard 0 : Received READY
2020-11-16 14:11:21 | [INFO]    | Discordia 2.8.4
2020-11-16 14:11:21 | [INFO]    | Connecting to Discord...
2020-11-16 14:11:21 | [INFO]    | Authenticated as Cyber.11#0846
2020-11-16 14:11:21 | [INFO]    | Launching shard 0 (1 out of 1)...
2020-11-16 14:11:21 | [INFO]    | Shard 0 : Connected to wss://gateway.discord.gg
2020-11-16 14:11:21 | [INFO]    | Shard 0 : Received HELLO
2020-11-16 14:11:22 | [INFO]    | Shard 0 : Received READY
2020-11-16 14:11:54 | [INFO]    | Discordia 2.8.4
2020-11-16 14:11:54 | [INFO]    | Connecting to Discord...
2020-11-16 14:11:54 | [INFO]    | Authenticated as Cyber.11#0846
2020-11-16 14:11:54 | [INFO]    | Launching shard 0 (1 out of 1)...
2020-11-16 14:11:54 | [INFO]    | Shard 0 : Connected to wss://gateway.discord.gg
2020-11-16 14:11:54 | [INFO]    | Shard 0 : Received HELLO
2020-11-16 14:11:54 | [INFO]    | Shard 0 : Received READY
2020-11-16 14:14:36 | [INFO]    | Discordia 2.8.4
2020-11-16 14:14:36 | [INFO]    | Connecting to Discord...
2020-11-16 14:14:36 | [INFO]    | Authenticated as Cyber.11#0846
2020-11-16 14:14:36 | [INFO]    | Launching shard 0 (1 out of 1)...
2020-11-16 14:14:37 | [INFO]    | Shard 0 : Connected to wss://gateway.discord.gg
2020-11-16 14:14:37 | [INFO]    | Shard 0 : Received HELLO
2020-11-16 14:14:37 | [INFO]    | Shard 0 : Received READY
2020-11-16 14:15:14 | [INFO]    | Discordia 2.8.4
2020-11-16 14:15:14 | [INFO]    | Connecting to Discord...
2020-11-16 14:15:14 | [INFO]    | Authenticated as Cyber.11#0846
2020-11-16 14:15:14 | [INFO]    | Launching shard 0 (1 out of 1)...
2020-11-16 14:15:14 | [INFO]    | Shard 0 : Connected to wss://gateway.discord.gg
2020-11-16 14:15:14 | [INFO]    | Shard 0 : Received HELLO
2020-11-16 14:15:14 | [INFO]    | Shard 0 : Received READY
2020-11-16 14:15:47 | [INFO]    | Discordia 2.8.4
2020-11-16 14:15:47 | [INFO]    | Connecting to Discord...
2020-11-16 14:15:47 | [INFO]    | Authenticated as Cyber.11#0846
2020-11-16 14:15:47 | [INFO]    | Launching shard 0 (1 out of 1)...
2020-11-16 14:15:47 | [INFO]    | Shard 0 : Connected to wss://gateway.discord.gg
2020-11-16 14:15:47 | [INFO]    | Shard 0 : Received HELLO
2020-11-16 14:15:48 | [INFO]    | Shard 0 : Received READY
2020-11-16 14:17:30 | [INFO]    | Discordia 2.8.4
2020-11-16 14:17:30 | [INFO]    | Connecting to Discord...
2020-11-16 14:17:30 | [INFO]    | Authenticated as Cyber.11#0846
2020-11-16 14:17:30 | [INFO]    | Launching shard 0 (1 out of 1)...
2020-11-16 14:17:31 | [INFO]    | Shard 0 : Connected to wss://gateway.discord.gg
2020-11-16 14:17:31 | [INFO]    | Shard 0 : Received HELLO
2020-11-16 14:17:31 | [INFO]    | Shard 0 : Received READY
2020-11-16 14:18:05 | [INFO]    | Discordia 2.8.4
2020-11-16 14:18:05 | [INFO]    | Connecting to Discord...
2020-11-16 14:18:05 | [INFO]    | Authenticated as Cyber.11#0846
2020-11-16 14:18:05 | [INFO]    | Launching shard 0 (1 out of 1)...
2020-11-16 14:18:05 | [INFO]    | Shard 0 : Connected to wss://gateway.discord.gg
2020-11-16 14:18:05 | [INFO]    | Shard 0 : Received HELLO
2020-11-16 14:18:06 | [INFO]    | Shard 0 : Received READY
2020-11-16 14:21:51 | [INFO]    | Discordia 2.8.4
2020-11-16 14:21:51 | [INFO]    | Connecting to Discord...
2020-11-16 14:21:51 | [INFO]    | Authenticated as Cyber.11#0846
2020-11-16 14:21:51 | [INFO]    | Launching shard 0 (1 out of 1)...
2020-11-16 14:21:51 | [INFO]    | Shard 0 : Connected to wss://gateway.discord.gg
2020-11-16 14:21:51 | [INFO]    | Shard 0 : Received HELLO
2020-11-16 14:21:52 | [INFO]    | Shard 0 : Received READY
2020-11-16 14:22:51 | [INFO]    | Discordia 2.8.4
2020-11-16 14:22:51 | [INFO]    | Connecting to Discord...
2020-11-16 14:22:52 | [INFO]    | Authenticated as Cyber.11#0846
2020-11-16 14:22:52 | [INFO]    | Launching shard 0 (1 out of 1)...
2020-11-16 14:22:52 | [INFO]    | Shard 0 : Connected to wss://gateway.discord.gg
2020-11-16 14:22:52 | [INFO]    | Shard 0 : Received HELLO
2020-11-16 14:22:52 | [INFO]    | Shard 0 : Received READY
2020-11-16 14:25:04 | [INFO]    | Discordia 2.8.4
2020-11-16 14:25:04 | [INFO]    | Connecting to Discord...
2020-11-16 14:25:04 | [INFO]    | Authenticated as Cyber.11#0846
2020-11-16 14:25:04 | [INFO]    | Launching shard 0 (1 out of 1)...
2020-11-16 14:25:04 | [INFO]    | Shard 0 : Connected to wss://gateway.discord.gg
2020-11-16 14:25:04 | [INFO]    | Shard 0 : Received HELLO
2020-11-16 14:25:04 | [INFO]    | Shard 0 : Received READY
2020-11-16 14:25:44 | [INFO]    | Discordia 2.8.4
2020-11-16 14:25:44 | [INFO]    | Connecting to Discord...
2020-11-16 14:25:44 | [INFO]    | Authenticated as Cyber.11#0846
2020-11-16 14:25:44 | [INFO]    | Launching shard 0 (1 out of 1)...
2020-11-16 14:25:44 | [INFO]    | Shard 0 : Connected to wss://gateway.discord.gg
2020-11-16 14:25:44 | [INFO]    | Shard 0 : Received HELLO
2020-11-16 14:25:44 | [INFO]    | Shard 0 : Received READY
2020-11-16 14:27:59 | [INFO]    | Discordia 2.8.4
2020-11-16 14:27:59 | [INFO]    | Connecting to Discord...
2020-11-16 14:27:59 | [INFO]    | Authenticated as Cyber.11#0846
2020-11-16 14:27:59 | [INFO]    | Launching shard 0 (1 out of 1)...
2020-11-16 14:27:59 | [INFO]    | Shard 0 : Connected to wss://gateway.discord.gg
2020-11-16 14:27:59 | [INFO]    | Shard 0 : Received HELLO
2020-11-16 14:27:59 | [INFO]    | Shard 0 : Received READY
2020-11-16 14:31:22 | [INFO]    | Discordia 2.8.4
2020-11-16 14:31:22 | [INFO]    | Connecting to Discord...
2020-11-16 14:31:22 | [INFO]    | Authenticated as Cyber.11#0846
2020-11-16 14:31:22 | [INFO]    | Launching shard 0 (1 out of 1)...
2020-11-16 14:31:23 | [INFO]    | Shard 0 : Connected to wss://gateway.discord.gg
2020-11-16 14:31:23 | [INFO]    | Shard 0 : Received HELLO
2020-11-16 14:31:23 | [INFO]    | Shard 0 : Received READY
2020-11-16 14:35:03 | [INFO]    | Discordia 2.8.4
2020-11-16 14:35:03 | [INFO]    | Connecting to Discord...
2020-11-16 14:35:03 | [INFO]    | Authenticated as Cyber.11#0846
2020-11-16 14:35:03 | [INFO]    | Launching shard 0 (1 out of 1)...
2020-11-16 14:35:03 | [INFO]    | Shard 0 : Connected to wss://gateway.discord.gg
2020-11-16 14:35:03 | [INFO]    | Shard 0 : Received HELLO
2020-11-16 14:35:04 | [INFO]    | Shard 0 : Received READY
2020-11-16 14:37:27 | [INFO]    | Discordia 2.8.4
2020-11-16 14:37:27 | [INFO]    | Connecting to Discord...
2020-11-16 14:37:27 | [INFO]    | Authenticated as Cyber.11#0846
2020-11-16 14:37:27 | [INFO]    | Launching shard 0 (1 out of 1)...
2020-11-16 14:37:27 | [INFO]    | Shard 0 : Connected to wss://gateway.discord.gg
2020-11-16 14:37:27 | [INFO]    | Shard 0 : Received HELLO
2020-11-16 14:37:27 | [INFO]    | Shard 0 : Received READY
2020-11-16 14:41:29 | [INFO]    | Discordia 2.8.4
2020-11-16 14:41:29 | [INFO]    | Connecting to Discord...
2020-11-16 14:41:29 | [INFO]    | Authenticated as Cyber.11#0846
2020-11-16 14:41:29 | [INFO]    | Launching shard 0 (1 out of 1)...
2020-11-16 14:41:30 | [INFO]    | Shard 0 : Connected to wss://gateway.discord.gg
2020-11-16 14:41:30 | [INFO]    | Shard 0 : Received HELLO
2020-11-16 14:41:30 | [INFO]    | Shard 0 : Received READY
2020-11-16 14:50:24 | [INFO]    | Discordia 2.8.4
2020-11-16 14:50:24 | [INFO]    | Connecting to Discord...
2020-11-16 14:50:24 | [INFO]    | Authenticated as Cyber.11#0846
2020-11-16 14:50:25 | [INFO]    | Launching shard 0 (1 out of 1)...
2020-11-16 14:50:25 | [INFO]    | Shard 0 : Connected to wss://gateway.discord.gg
2020-11-16 14:50:25 | [INFO]    | Shard 0 : Received HELLO
2020-11-16 14:50:25 | [INFO]    | Shard 0 : Received READY
2020-11-16 14:51:15 | [INFO]    | Discordia 2.8.4
2020-11-16 14:51:15 | [INFO]    | Connecting to Discord...
2020-11-16 14:51:15 | [INFO]    | Authenticated as Cyber.11#0846
2020-11-16 14:51:15 | [INFO]    | Launching shard 0 (1 out of 1)...
2020-11-16 14:51:15 | [INFO]    | Shard 0 : Connected to wss://gateway.discord.gg
2020-11-16 14:51:15 | [INFO]    | Shard 0 : Received HELLO
2020-11-16 14:51:16 | [INFO]    | Shard 0 : Received READY
2020-11-16 14:54:10 | [INFO]    | Discordia 2.8.4
2020-11-16 14:54:10 | [INFO]    | Connecting to Discord...
2020-11-16 14:54:11 | [INFO]    | Authenticated as Cyber.11#0846
2020-11-16 14:54:11 | [INFO]    | Launching shard 0 (1 out of 1)...
2020-11-16 14:54:11 | [INFO]    | Shard 0 : Connected to wss://gateway.discord.gg
2020-11-16 14:54:11 | [INFO]    | Shard 0 : Received HELLO
2020-11-16 14:54:11 | [INFO]    | Shard 0 : Received READY
2020-11-16 14:55:16 | [INFO]    | Discordia 2.8.4
2020-11-16 14:55:16 | [INFO]    | Connecting to Discord...
2020-11-16 14:55:16 | [INFO]    | Authenticated as Cyber.11#0846
2020-11-16 14:55:16 | [INFO]    | Launching shard 0 (1 out of 1)...
2020-11-16 14:55:17 | [INFO]    | Shard 0 : Connected to wss://gateway.discord.gg
2020-11-16 14:55:17 | [INFO]    | Shard 0 : Received HELLO
2020-11-16 14:55:17 | [INFO]    | Shard 0 : Received READY
2020-11-16 14:59:14 | [INFO]    | Discordia 2.8.4
2020-11-16 14:59:14 | [INFO]    | Connecting to Discord...
2020-11-16 14:59:15 | [INFO]    | Authenticated as Cyber.11#0846
2020-11-16 14:59:15 | [INFO]    | Launching shard 0 (1 out of 1)...
2020-11-16 14:59:15 | [INFO]    | Shard 0 : Connected to wss://gateway.discord.gg
2020-11-16 14:59:15 | [INFO]    | Shard 0 : Received HELLO
2020-11-16 14:59:15 | [INFO]    | Shard 0 : Received READY
2020-11-16 15:08:59 | [INFO]    | Discordia 2.8.4
2020-11-16 15:08:59 | [INFO]    | Connecting to Discord...
2020-11-16 15:08:59 | [INFO]    | Authenticated as Cyber.11#0846
2020-11-16 15:08:59 | [INFO]    | Launching shard 0 (1 out of 1)...
2020-11-16 15:08:59 | [INFO]    | Shard 0 : Connected to wss://gateway.discord.gg
2020-11-16 15:08:59 | [INFO]    | Shard 0 : Received HELLO
2020-11-16 15:09:00 | [INFO]    | Shard 0 : Received READY
2020-11-16 15:09:44 | [INFO]    | Discordia 2.8.4
2020-11-16 15:09:44 | [INFO]    | Connecting to Discord...
2020-11-16 15:09:45 | [INFO]    | Authenticated as Cyber.11#0846
2020-11-16 15:09:45 | [INFO]    | Launching shard 0 (1 out of 1)...
2020-11-16 15:09:45 | [INFO]    | Shard 0 : Connected to wss://gateway.discord.gg
2020-11-16 15:09:45 | [INFO]    | Shard 0 : Received HELLO
2020-11-16 15:09:45 | [INFO]    | Shard 0 : Received READY
2020-11-16 15:11:09 | [INFO]    | Discordia 2.8.4
2020-11-16 15:11:09 | [INFO]    | Connecting to Discord...
2020-11-16 15:11:09 | [INFO]    | Authenticated as Cyber.11#0846
2020-11-16 15:11:09 | [INFO]    | Launching shard 0 (1 out of 1)...
2020-11-16 15:11:09 | [INFO]    | Shard 0 : Connected to wss://gateway.discord.gg
2020-11-16 15:11:09 | [INFO]    | Shard 0 : Received HELLO
2020-11-16 15:11:10 | [INFO]    | Shard 0 : Received READY
2020-11-16 15:12:58 | [INFO]    | Discordia 2.8.4
2020-11-16 15:12:58 | [INFO]    | Connecting to Discord...
2020-11-16 15:12:58 | [INFO]    | Authenticated as Cyber.11#0846
2020-11-16 15:12:58 | [INFO]    | Launching shard 0 (1 out of 1)...
2020-11-16 15:12:59 | [INFO]    | Shard 0 : Connected to wss://gateway.discord.gg
2020-11-16 15:12:59 | [INFO]    | Shard 0 : Received HELLO
2020-11-16 15:12:59 | [INFO]    | Shard 0 : Received READY
2020-11-16 15:14:38 | [INFO]    | Discordia 2.8.4
2020-11-16 15:14:38 | [INFO]    | Connecting to Discord...
2020-11-16 15:14:38 | [INFO]    | Authenticated as Cyber.11#0846
2020-11-16 15:14:38 | [INFO]    | Launching shard 0 (1 out of 1)...
2020-11-16 15:14:38 | [INFO]    | Shard 0 : Connected to wss://gateway.discord.gg
2020-11-16 15:14:38 | [INFO]    | Shard 0 : Received HELLO
2020-11-16 15:14:38 | [INFO]    | Shard 0 : Received READY
2020-11-16 15:15:26 | [INFO]    | Discordia 2.8.4
2020-11-16 15:15:26 | [INFO]    | Connecting to Discord...
2020-11-16 15:15:26 | [INFO]    | Authenticated as Cyber.11#0846
2020-11-16 15:15:26 | [INFO]    | Launching shard 0 (1 out of 1)...
2020-11-16 15:15:26 | [INFO]    | Shard 0 : Connected to wss://gateway.discord.gg
2020-11-16 15:15:26 | [INFO]    | Shard 0 : Received HELLO
2020-11-16 15:15:26 | [INFO]    | Shard 0 : Received READY
2020-11-16 15:17:17 | [INFO]    | Discordia 2.8.4
2020-11-16 15:17:17 | [INFO]    | Connecting to Discord...
2020-11-16 15:17:18 | [INFO]    | Authenticated as Cyber.11#0846
2020-11-16 15:17:18 | [INFO]    | Launching shard 0 (1 out of 1)...
2020-11-16 15:17:18 | [INFO]    | Shard 0 : Connected to wss://gateway.discord.gg
2020-11-16 15:17:18 | [INFO]    | Shard 0 : Received HELLO
2020-11-16 15:17:18 | [INFO]    | Shard 0 : Received READY
2020-11-16 15:23:18 | [INFO]    | Discordia 2.8.4
2020-11-16 15:23:18 | [INFO]    | Connecting to Discord...
2020-11-16 15:23:19 | [INFO]    | Authenticated as Cyber.11#0846
2020-11-16 15:23:19 | [INFO]    | Launching shard 0 (1 out of 1)...
2020-11-16 15:23:19 | [INFO]    | Shard 0 : Connected to wss://gateway.discord.gg
2020-11-16 15:23:19 | [INFO]    | Shard 0 : Received HELLO
2020-11-16 15:23:19 | [INFO]    | Shard 0 : Received READY
2020-11-16 15:25:36 | [INFO]    | Discordia 2.8.4
2020-11-16 15:25:36 | [INFO]    | Connecting to Discord...
2020-11-16 15:25:37 | [INFO]    | Authenticated as Cyber.11#0846
2020-11-16 15:25:37 | [INFO]    | Launching shard 0 (1 out of 1)...
2020-11-16 15:25:37 | [INFO]    | Shard 0 : Connected to wss://gateway.discord.gg
2020-11-16 15:25:37 | [INFO]    | Shard 0 : Received HELLO
2020-11-16 15:25:37 | [INFO]    | Shard 0 : Received READY
2020-11-16 15:31:26 | [INFO]    | Discordia 2.8.4
2020-11-16 15:31:26 | [INFO]    | Connecting to Discord...
2020-11-16 15:31:26 | [INFO]    | Authenticated as Cyber.11#0846
2020-11-16 15:31:26 | [INFO]    | Launching shard 0 (1 out of 1)...
2020-11-16 15:31:27 | [INFO]    | Shard 0 : Connected to wss://gateway.discord.gg
2020-11-16 15:31:27 | [INFO]    | Shard 0 : Received HELLO
2020-11-16 15:31:27 | [INFO]    | Shard 0 : Received READY
2020-11-16 15:33:43 | [INFO]    | Discordia 2.8.4
2020-11-16 15:33:43 | [INFO]    | Connecting to Discord...
2020-11-16 15:33:43 | [INFO]    | Authenticated as Cyber.11#0846
2020-11-16 15:33:43 | [INFO]    | Launching shard 0 (1 out of 1)...
2020-11-16 15:33:44 | [INFO]    | Shard 0 : Connected to wss://gateway.discord.gg
2020-11-16 15:33:44 | [INFO]    | Shard 0 : Received HELLO
2020-11-16 15:33:44 | [INFO]    | Shard 0 : Received READY
2020-11-16 15:34:23 | [INFO]    | Discordia 2.8.4
2020-11-16 15:34:23 | [INFO]    | Connecting to Discord...
2020-11-16 15:34:23 | [INFO]    | Authenticated as Cyber.11#0846
2020-11-16 15:34:23 | [INFO]    | Launching shard 0 (1 out of 1)...
2020-11-16 15:34:23 | [INFO]    | Shard 0 : Connected to wss://gateway.discord.gg
2020-11-16 15:34:23 | [INFO]    | Shard 0 : Received HELLO
2020-11-16 15:34:23 | [INFO]    | Shard 0 : Received READY
2020-11-16 15:35:11 | [INFO]    | Discordia 2.8.4
2020-11-16 15:35:11 | [INFO]    | Connecting to Discord...
2020-11-16 15:35:12 | [INFO]    | Authenticated as Cyber.11#0846
2020-11-16 15:35:12 | [INFO]    | Launching shard 0 (1 out of 1)...
2020-11-16 15:35:12 | [INFO]    | Shard 0 : Connected to wss://gateway.discord.gg
2020-11-16 15:35:12 | [INFO]    | Shard 0 : Received HELLO
2020-11-16 15:35:12 | [INFO]    | Shard 0 : Received READY
2020-11-16 15:42:04 | [WARNING] | Shard 0 : Unhandled gateway event: INVITE_CREATE
2020-11-16 15:46:45 | [INFO]    | Discordia 2.8.4
2020-11-16 15:46:45 | [INFO]    | Connecting to Discord...
2020-11-16 15:46:46 | [INFO]    | Authenticated as Cyber.11#0846
2020-11-16 15:46:46 | [INFO]    | Launching shard 0 (1 out of 1)...
2020-11-16 15:46:46 | [INFO]    | Shard 0 : Connected to wss://gateway.discord.gg
2020-11-16 15:46:46 | [INFO]    | Shard 0 : Received HELLO
2020-11-16 15:46:46 | [INFO]    | Shard 0 : Received READY
2020-11-16 15:58:14 | [INFO]    | Discordia 2.8.4
2020-11-16 15:58:14 | [INFO]    | Connecting to Discord...
2020-11-16 15:58:15 | [INFO]    | Authenticated as Cyber.11#0846
2020-11-16 15:58:15 | [INFO]    | Launching shard 0 (1 out of 1)...
2020-11-16 15:58:15 | [INFO]    | Shard 0 : Connected to wss://gateway.discord.gg
2020-11-16 15:58:15 | [INFO]    | Shard 0 : Received HELLO
2020-11-16 15:58:16 | [INFO]    | Shard 0 : Received READY
2020-11-16 15:58:35 | [ERROR]   | 400 - Bad Request : POST https://discord.com/api/v7/channels/776530503267516416/messages
2020-11-16 15:59:00 | [INFO]    | Discordia 2.8.4
2020-11-16 15:59:00 | [INFO]    | Connecting to Discord...
2020-11-16 15:59:00 | [INFO]    | Authenticated as Cyber.11#0846
2020-11-16 15:59:00 | [INFO]    | Launching shard 0 (1 out of 1)...
2020-11-16 15:59:00 | [INFO]    | Shard 0 : Connected to wss://gateway.discord.gg
2020-11-16 15:59:00 | [INFO]    | Shard 0 : Received HELLO
2020-11-16 15:59:01 | [INFO]    | Shard 0 : Received READY
2020-11-16 16:00:01 | [ERROR]   | 400 - Bad Request : POST https://discord.com/api/v7/channels/776530503267516416/messages
2020-11-16 16:06:52 | [INFO]    | Discordia 2.8.4
2020-11-16 16:06:52 | [INFO]    | Connecting to Discord...
2020-11-16 16:06:53 | [INFO]    | Authenticated as Cyber.11#0846
2020-11-16 16:06:53 | [INFO]    | Launching shard 0 (1 out of 1)...
2020-11-16 16:06:53 | [INFO]    | Shard 0 : Connected to wss://gateway.discord.gg
2020-11-16 16:06:53 | [INFO]    | Shard 0 : Received HELLO
2020-11-16 16:06:53 | [INFO]    | Shard 0 : Received READY
2020-11-16 16:08:17 | [INFO]    | Discordia 2.8.4
2020-11-16 16:08:17 | [INFO]    | Connecting to Discord...
2020-11-16 16:08:17 | [INFO]    | Authenticated as Cyber.11#0846
2020-11-16 16:08:17 | [INFO]    | Launching shard 0 (1 out of 1)...
2020-11-16 16:08:18 | [INFO]    | Shard 0 : Connected to wss://gateway.discord.gg
2020-11-16 16:08:18 | [INFO]    | Shard 0 : Received HELLO
2020-11-16 16:08:18 | [INFO]    | Shard 0 : Received READY
2020-11-16 16:12:39 | [INFO]    | Discordia 2.8.4
2020-11-16 16:12:39 | [INFO]    | Connecting to Discord...
2020-11-16 16:12:40 | [INFO]    | Authenticated as Cyber.11#0846
2020-11-16 16:12:40 | [INFO]    | Launching shard 0 (1 out of 1)...
2020-11-16 16:12:40 | [INFO]    | Shard 0 : Connected to wss://gateway.discord.gg
2020-11-16 16:12:40 | [INFO]    | Shard 0 : Received HELLO
2020-11-16 16:12:40 | [INFO]    | Shard 0 : Received READY
2020-11-16 18:35:35 | [INFO]    | Discordia 2.8.4
2020-11-16 18:35:35 | [INFO]    | Connecting to Discord...
2020-11-16 18:35:35 | [INFO]    | Authenticated as Cyber.11#0846
2020-11-16 18:35:36 | [INFO]    | Launching shard 0 (1 out of 1)...
2020-11-16 18:35:37 | [INFO]    | Shard 0 : Connected to wss://gateway.discord.gg
2020-11-16 18:35:37 | [INFO]    | Shard 0 : Received HELLO
2020-11-16 18:35:37 | [INFO]    | Shard 0 : Received READY
2020-11-16 18:39:56 | [INFO]    | Discordia 2.8.4
2020-11-16 18:39:56 | [INFO]    | Connecting to Discord...
2020-11-16 18:39:56 | [INFO]    | Authenticated as Cyber.11#0846
2020-11-16 18:39:56 | [INFO]    | Launching shard 0 (1 out of 1)...
2020-11-16 18:39:56 | [INFO]    | Shard 0 : Connected to wss://gateway.discord.gg
2020-11-16 18:39:56 | [INFO]    | Shard 0 : Received HELLO
2020-11-16 18:39:57 | [INFO]    | Shard 0 : Received READY
2020-11-16 18:40:04 | [ERROR]   | 400 - Bad Request : PUT https://discord.com/api/v7/channels/776530503267516416/messages/778010270257643530/reactions/%3Asunglasses%3A/@me
2020-11-16 18:41:21 | [INFO]    | Discordia 2.8.4
2020-11-16 18:41:21 | [INFO]    | Connecting to Discord...
2020-11-16 18:41:21 | [INFO]    | Authenticated as Cyber.11#0846
2020-11-16 18:41:21 | [INFO]    | Launching shard 0 (1 out of 1)...
2020-11-16 18:41:21 | [INFO]    | Shard 0 : Connected to wss://gateway.discord.gg
2020-11-16 18:41:21 | [INFO]    | Shard 0 : Received HELLO
2020-11-16 18:41:21 | [INFO]    | Shard 0 : Received READY
2020-11-16 18:43:22 | [INFO]    | Discordia 2.8.4
2020-11-16 18:43:22 | [INFO]    | Connecting to Discord...
2020-11-16 18:43:22 | [INFO]    | Authenticated as Cyber.11#0846
2020-11-16 18:43:22 | [INFO]    | Launching shard 0 (1 out of 1)...
2020-11-16 18:43:22 | [INFO]    | Shard 0 : Connected to wss://gateway.discord.gg
2020-11-16 18:43:22 | [INFO]    | Shard 0 : Received HELLO
2020-11-16 18:43:22 | [INFO]    | Shard 0 : Received READY
2020-11-16 18:55:35 | [INFO]    | Discordia 2.8.4
2020-11-16 18:55:35 | [INFO]    | Connecting to Discord...
2020-11-16 18:55:36 | [INFO]    | Authenticated as Cyber.11#0846
2020-11-16 18:55:36 | [INFO]    | Launching shard 0 (1 out of 1)...
2020-11-16 18:55:36 | [INFO]    | Shard 0 : Connected to wss://gateway.discord.gg
2020-11-16 18:55:36 | [INFO]    | Shard 0 : Received HELLO
2020-11-16 18:55:36 | [INFO]    | Shard 0 : Received READY
2020-11-16 18:56:28 | [INFO]    | Discordia 2.8.4
2020-11-16 18:56:28 | [INFO]    | Connecting to Discord...
2020-11-16 18:56:28 | [INFO]    | Authenticated as Cyber.11#0846
2020-11-16 18:56:28 | [INFO]    | Launching shard 0 (1 out of 1)...
2020-11-16 18:56:29 | [INFO]    | Shard 0 : Connected to wss://gateway.discord.gg
2020-11-16 18:56:29 | [INFO]    | Shard 0 : Received HELLO
2020-11-16 18:56:29 | [INFO]    | Shard 0 : Received READY
2020-11-16 19:02:06 | [INFO]    | Discordia 2.8.4
2020-11-16 19:02:06 | [INFO]    | Connecting to Discord...
2020-11-16 19:02:07 | [INFO]    | Authenticated as Cyber.11#0846
2020-11-16 19:02:07 | [INFO]    | Launching shard 0 (1 out of 1)...
2020-11-16 19:02:07 | [INFO]    | Shard 0 : Connected to wss://gateway.discord.gg
2020-11-16 19:02:07 | [INFO]    | Shard 0 : Received HELLO
2020-11-16 19:02:07 | [INFO]    | Shard 0 : Received READY
2020-11-16 19:02:55 | [INFO]    | Discordia 2.8.4
2020-11-16 19:02:55 | [INFO]    | Connecting to Discord...
2020-11-16 19:02:55 | [INFO]    | Authenticated as Cyber.11#0846
2020-11-16 19:02:55 | [INFO]    | Launching shard 0 (1 out of 1)...
2020-11-16 19:02:55 | [INFO]    | Shard 0 : Connected to wss://gateway.discord.gg
2020-11-16 19:02:55 | [INFO]    | Shard 0 : Received HELLO
2020-11-16 19:02:55 | [INFO]    | Shard 0 : Received READY
2020-11-16 19:03:52 | [INFO]    | Discordia 2.8.4
2020-11-16 19:03:52 | [INFO]    | Connecting to Discord...
2020-11-16 19:03:53 | [INFO]    | Authenticated as Cyber.11#0846
2020-11-16 19:03:53 | [INFO]    | Launching shard 0 (1 out of 1)...
2020-11-16 19:03:53 | [INFO]    | Shard 0 : Connected to wss://gateway.discord.gg
2020-11-16 19:03:53 | [INFO]    | Shard 0 : Received HELLO
2020-11-16 19:03:53 | [INFO]    | Shard 0 : Received READY
2020-11-16 19:07:04 | [INFO]    | Discordia 2.8.4
2020-11-16 19:07:04 | [INFO]    | Connecting to Discord...
2020-11-16 19:07:04 | [INFO]    | Authenticated as Cyber.11#0846
2020-11-16 19:07:04 | [INFO]    | Launching shard 0 (1 out of 1)...
2020-11-16 19:07:04 | [INFO]    | Shard 0 : Connected to wss://gateway.discord.gg
2020-11-16 19:07:04 | [INFO]    | Shard 0 : Received HELLO
2020-11-16 19:07:05 | [INFO]    | Shard 0 : Received READY
2020-11-16 19:12:56 | [INFO]    | Discordia 2.8.4
2020-11-16 19:12:56 | [INFO]    | Connecting to Discord...
2020-11-16 19:12:57 | [INFO]    | Authenticated as Cyber.11#0846
2020-11-16 19:12:57 | [INFO]    | Launching shard 0 (1 out of 1)...
2020-11-16 19:12:57 | [INFO]    | Shard 0 : Connected to wss://gateway.discord.gg
2020-11-16 19:12:57 | [INFO]    | Shard 0 : Received HELLO
2020-11-16 19:12:57 | [INFO]    | Shard 0 : Received READY
2020-11-16 19:22:21 | [INFO]    | Discordia 2.8.4
2020-11-16 19:22:21 | [INFO]    | Connecting to Discord...
2020-11-16 19:22:22 | [INFO]    | Authenticated as Cyber.11#0846
2020-11-16 19:22:22 | [INFO]    | Launching shard 0 (1 out of 1)...
2020-11-16 19:22:22 | [INFO]    | Shard 0 : Connected to wss://gateway.discord.gg
2020-11-16 19:22:22 | [INFO]    | Shard 0 : Received HELLO
2020-11-16 19:22:22 | [INFO]    | Shard 0 : Received READY
2020-11-16 19:24:39 | [INFO]    | Discordia 2.8.4
2020-11-16 19:24:39 | [INFO]    | Connecting to Discord...
2020-11-16 19:24:40 | [INFO]    | Authenticated as Cyber.11#0846
2020-11-16 19:24:40 | [INFO]    | Launching shard 0 (1 out of 1)...
2020-11-16 19:24:40 | [INFO]    | Shard 0 : Connected to wss://gateway.discord.gg
2020-11-16 19:24:40 | [INFO]    | Shard 0 : Received HELLO
2020-11-16 19:24:40 | [INFO]    | Shard 0 : Received READY
2020-11-16 19:26:51 | [INFO]    | Discordia 2.8.4
2020-11-16 19:26:51 | [INFO]    | Connecting to Discord...
2020-11-16 19:26:51 | [INFO]    | Authenticated as Cyber.11#0846
2020-11-16 19:26:51 | [INFO]    | Launching shard 0 (1 out of 1)...
2020-11-16 19:26:52 | [INFO]    | Shard 0 : Connected to wss://gateway.discord.gg
2020-11-16 19:26:52 | [INFO]    | Shard 0 : Received HELLO
2020-11-16 19:26:52 | [INFO]    | Shard 0 : Received READY
2020-11-16 19:27:03 | [ERROR]   | 400 - Bad Request : PUT https://discord.com/api/v7/channels/748620427714232454/messages/778022092833554493/reactions/%3Aarrow%5Fup%3A/@me
2020-11-16 19:29:28 | [INFO]    | Discordia 2.8.4
2020-11-16 19:29:28 | [INFO]    | Connecting to Discord...
2020-11-16 19:29:28 | [INFO]    | Authenticated as Cyber.11#0846
2020-11-16 19:29:28 | [INFO]    | Launching shard 0 (1 out of 1)...
2020-11-16 19:29:28 | [INFO]    | Shard 0 : Connected to wss://gateway.discord.gg
2020-11-16 19:29:28 | [INFO]    | Shard 0 : Received HELLO
2020-11-16 19:29:28 | [INFO]    | Shard 0 : Received READY
2020-11-16 19:29:43 | [ERROR]   | 404 - Not Found : PUT https://discord.com/api/v7/channels/748620427714232454/messages/778022763804885083/reactions/%20https%3A%2F%2Fdiscord%2Ecom%2Fapi%2Fv7%2Fchannels%2F748620427714232454%2Fmessages%2F778022092833554493%2Freactions%2F%253Aarrow%255Fup%253A%2F%40me/@me
2020-11-16 19:30:22 | [INFO]    | Discordia 2.8.4
2020-11-16 19:30:22 | [INFO]    | Connecting to Discord...
2020-11-16 19:30:22 | [INFO]    | Authenticated as Cyber.11#0846
2020-11-16 19:30:22 | [INFO]    | Launching shard 0 (1 out of 1)...
2020-11-16 19:30:22 | [INFO]    | Shard 0 : Connected to wss://gateway.discord.gg
2020-11-16 19:30:22 | [INFO]    | Shard 0 : Received HELLO
2020-11-16 19:30:23 | [INFO]    | Shard 0 : Received READY
2020-11-16 19:30:27 | [ERROR]   | 400 - Bad Request : PUT https://discord.com/api/v7/channels/748620427714232454/messages/778022946807218177/reactions/%3Aping%5Fpong%3A/@me
2020-11-16 19:36:50 | [INFO]    | Discordia 2.8.4
2020-11-16 19:36:51 | [INFO]    | Connecting to Discord...
2020-11-16 19:36:51 | [INFO]    | Authenticated as Cyber.11#0846
2020-11-16 19:36:51 | [INFO]    | Launching shard 0 (1 out of 1)...
2020-11-16 19:36:51 | [INFO]    | Shard 0 : Connected to wss://gateway.discord.gg
2020-11-16 19:36:51 | [INFO]    | Shard 0 : Received HELLO
2020-11-16 19:36:52 | [INFO]    | Shard 0 : Received READY
2020-11-16 19:39:26 | [INFO]    | Discordia 2.8.4
2020-11-16 19:39:26 | [INFO]    | Connecting to Discord...
2020-11-16 19:39:27 | [INFO]    | Authenticated as Cyber.11#0846
2020-11-16 19:39:27 | [INFO]    | Launching shard 0 (1 out of 1)...
2020-11-16 19:39:27 | [INFO]    | Shard 0 : Connected to wss://gateway.discord.gg
2020-11-16 19:39:27 | [INFO]    | Shard 0 : Received HELLO
2020-11-16 19:39:27 | [INFO]    | Shard 0 : Received READY
2020-11-16 19:42:46 | [INFO]    | Discordia 2.8.4
2020-11-16 19:42:46 | [INFO]    | Connecting to Discord...
2020-11-16 19:42:46 | [INFO]    | Authenticated as Cyber.11#0846
2020-11-16 19:42:46 | [INFO]    | Launching shard 0 (1 out of 1)...
2020-11-16 19:42:46 | [INFO]    | Shard 0 : Connected to wss://gateway.discord.gg
2020-11-16 19:42:46 | [INFO]    | Shard 0 : Received HELLO
2020-11-16 19:42:47 | [INFO]    | Shard 0 : Received READY
2020-11-16 19:43:31 | [INFO]    | Discordia 2.8.4
2020-11-16 19:43:31 | [INFO]    | Connecting to Discord...
2020-11-16 19:43:32 | [INFO]    | Authenticated as Cyber.11#0846
2020-11-16 19:43:32 | [INFO]    | Launching shard 0 (1 out of 1)...
2020-11-16 19:43:32 | [INFO]    | Shard 0 : Connected to wss://gateway.discord.gg
2020-11-16 19:43:32 | [INFO]    | Shard 0 : Received HELLO
2020-11-16 19:43:32 | [INFO]    | Shard 0 : Received READY
2020-11-16 19:49:20 | [INFO]    | Discordia 2.8.4
2020-11-16 19:49:20 | [INFO]    | Connecting to Discord...
2020-11-16 19:49:21 | [INFO]    | Authenticated as Cyber.11#0846
2020-11-16 19:49:21 | [INFO]    | Launching shard 0 (1 out of 1)...
2020-11-16 19:49:21 | [INFO]    | Shard 0 : Connected to wss://gateway.discord.gg
2020-11-16 19:49:21 | [INFO]    | Shard 0 : Received HELLO
2020-11-16 19:49:21 | [INFO]    | Shard 0 : Received READY
2020-11-16 19:54:34 | [INFO]    | Discordia 2.8.4
2020-11-16 19:54:34 | [INFO]    | Connecting to Discord...
2020-11-16 19:54:35 | [INFO]    | Authenticated as Cyber.11#0846
2020-11-16 19:54:35 | [INFO]    | Launching shard 0 (1 out of 1)...
2020-11-16 19:54:35 | [INFO]    | Shard 0 : Connected to wss://gateway.discord.gg
2020-11-16 19:54:35 | [INFO]    | Shard 0 : Received HELLO
2020-11-16 19:54:35 | [INFO]    | Shard 0 : Received READY
2020-11-16 19:58:09 | [INFO]    | Discordia 2.8.4
2020-11-16 19:58:09 | [INFO]    | Connecting to Discord...
2020-11-16 19:58:09 | [INFO]    | Authenticated as Cyber.11#0846
2020-11-16 19:58:09 | [INFO]    | Launching shard 0 (1 out of 1)...
2020-11-16 19:58:10 | [INFO]    | Shard 0 : Connected to wss://gateway.discord.gg
2020-11-16 19:58:10 | [INFO]    | Shard 0 : Received HELLO
2020-11-16 19:58:10 | [INFO]    | Shard 0 : Received READY
2020-11-16 19:58:47 | [INFO]    | Discordia 2.8.4
2020-11-16 19:58:47 | [INFO]    | Connecting to Discord...
2020-11-16 19:58:47 | [INFO]    | Authenticated as Cyber.11#0846
2020-11-16 19:58:47 | [INFO]    | Launching shard 0 (1 out of 1)...
2020-11-16 19:58:47 | [INFO]    | Shard 0 : Connected to wss://gateway.discord.gg
2020-11-16 19:58:47 | [INFO]    | Shard 0 : Received HELLO
2020-11-16 19:58:47 | [INFO]    | Shard 0 : Received READY
2020-11-17 08:34:46 | [INFO]    | Discordia 2.8.4
2020-11-17 08:34:46 | [INFO]    | Connecting to Discord...
2020-11-17 08:34:47 | [INFO]    | Authenticated as Cyber.11#0846
2020-11-17 08:34:47 | [INFO]    | Launching shard 0 (1 out of 1)...
2020-11-17 08:34:47 | [INFO]    | Shard 0 : Connected to wss://gateway.discord.gg
2020-11-17 08:34:47 | [INFO]    | Shard 0 : Received HELLO
2020-11-17 08:34:47 | [INFO]    | Shard 0 : Received READY
